* using log directory ‘/Users/selkamand/projects/r_packages/utilitybelt/utilitybelt/utilitybelt.Rcheck’
* using R version 4.0.3 (2020-10-10)
* using platform: x86_64-apple-darwin17.0 (64-bit)
* using session charset: UTF-8
* checking for file ‘utilitybelt/DESCRIPTION’ ... OK
* this is package ‘utilitybelt’ version ‘0.0.0.9000’
* package encoding: UTF-8
* checking package namespace information ... OK
* checking package dependencies ... OK
* checking if this is a source package ... OK
* checking if there is a namespace ... OK
* checking for executable files ... OK
* checking for hidden files and directories ... OK
* checking for portable file names ... OK
* checking for sufficient/correct file permissions ... OK
* checking whether package ‘utilitybelt’ can be installed ... ERROR
Installation failed.
See ‘/Users/selkamand/projects/r_packages/utilitybelt/utilitybelt/utilitybelt.Rcheck/00install.out’ for details.
* DONE
Status: 1 ERROR
